{"/Users/hakimhauston/dev/github/appium/stmgame/memorygame/App.js": {"path":"/Users/hakimhauston/dev/github/appium/stmgame/memorygame/App.js","statementMap":{"0":{"start":{"line":10,"column":16},"end":{"line":10,"column":33}},"1":{"start":{"line":12,"column":12},"end":{"line":18,"column":1}},"2":{"start":{"line":13,"column":2},"end":{"line":17,"column":4}}},"fnMap":{"0":{"name":"(anonymous_0)","decl":{"start":{"line":12,"column":12},"end":{"line":12,"column":13}},"loc":{"start":{"line":12,"column":18},"end":{"line":18,"column":1}},"line":12}},"branchMap":{},"s":{"0":1,"1":1,"2":1},"f":{"0":1},"b":{},"_coverageSchema":"1a1c01bbd47fc00a2c39e90264f33305004495a9","hash":"f8f94cd5495b56575b3012819cb7a3a346578cc2"}
,"/Users/hakimhauston/dev/github/appium/stmgame/memorygame/src/components/card/Card.js": {"path":"/Users/hakimhauston/dev/github/appium/stmgame/memorygame/src/components/card/Card.js","statementMap":{"0":{"start":{"line":6,"column":13},"end":{"line":109,"column":1}},"1":{"start":{"line":7,"column":71},"end":{"line":7,"column":76}},"2":{"start":{"line":8,"column":24},"end":{"line":8,"column":59}},"3":{"start":{"line":9,"column":26},"end":{"line":12,"column":4}},"4":{"start":{"line":13,"column":28},"end":{"line":19,"column":3}},"5":{"start":{"line":21,"column":36},"end":{"line":21,"column":53}},"6":{"start":{"line":22,"column":2},"end":{"line":30,"column":9}},"7":{"start":{"line":23,"column":19},"end":{"line":23,"column":40}},"8":{"start":{"line":24,"column":4},"end":{"line":26,"column":7}},"9":{"start":{"line":25,"column":6},"end":{"line":25,"column":26}},"10":{"start":{"line":27,"column":4},"end":{"line":29,"column":6}},"11":{"start":{"line":28,"column":6},"end":{"line":28,"column":34}},"12":{"start":{"line":54,"column":19},"end":{"line":60,"column":3}},"13":{"start":{"line":55,"column":4},"end":{"line":59,"column":15}},"14":{"start":{"line":62,"column":20},"end":{"line":68,"column":3}},"15":{"start":{"line":63,"column":4},"end":{"line":67,"column":15}},"16":{"start":{"line":72,"column":2},"end":{"line":80,"column":3}},"17":{"start":{"line":73,"column":4},"end":{"line":75,"column":5}},"18":{"start":{"line":74,"column":6},"end":{"line":74,"column":17}},"19":{"start":{"line":77,"column":4},"end":{"line":79,"column":5}},"20":{"start":{"line":78,"column":6},"end":{"line":78,"column":18}},"21":{"start":{"line":85,"column":4},"end":{"line":85,"column":66}},"22":{"start":{"line":87,"column":4},"end":{"line":89,"column":51}},"23":{"start":{"line":91,"column":2},"end":{"line":108,"column":4}},"24":{"start":{"line":92,"column":37},"end":{"line":92,"column":53}}},"fnMap":{"0":{"name":"(anonymous_0)","decl":{"start":{"line":6,"column":13},"end":{"line":6,"column":14}},"loc":{"start":{"line":6,"column":24},"end":{"line":109,"column":1}},"line":6},"1":{"name":"(anonymous_1)","decl":{"start":{"line":22,"column":18},"end":{"line":22,"column":19}},"loc":{"start":{"line":22,"column":24},"end":{"line":30,"column":3}},"line":22},"2":{"name":"(anonymous_2)","decl":{"start":{"line":24,"column":23},"end":{"line":24,"column":24}},"loc":{"start":{"line":24,"column":36},"end":{"line":26,"column":5}},"line":24},"3":{"name":"(anonymous_3)","decl":{"start":{"line":27,"column":11},"end":{"line":27,"column":12}},"loc":{"start":{"line":27,"column":17},"end":{"line":29,"column":5}},"line":27},"4":{"name":"(anonymous_4)","decl":{"start":{"line":54,"column":19},"end":{"line":54,"column":20}},"loc":{"start":{"line":54,"column":25},"end":{"line":60,"column":3}},"line":54},"5":{"name":"(anonymous_5)","decl":{"start":{"line":62,"column":20},"end":{"line":62,"column":21}},"loc":{"start":{"line":62,"column":26},"end":{"line":68,"column":3}},"line":62},"6":{"name":"(anonymous_6)","decl":{"start":{"line":92,"column":31},"end":{"line":92,"column":32}},"loc":{"start":{"line":92,"column":37},"end":{"line":92,"column":53}},"line":92}},"branchMap":{"0":{"loc":{"start":{"line":72,"column":2},"end":{"line":80,"column":3}},"type":"if","locations":[{"start":{"line":72,"column":2},"end":{"line":80,"column":3}},{"start":{"line":72,"column":2},"end":{"line":80,"column":3}}],"line":72},"1":{"loc":{"start":{"line":73,"column":4},"end":{"line":75,"column":5}},"type":"if","locations":[{"start":{"line":73,"column":4},"end":{"line":75,"column":5}},{"start":{"line":73,"column":4},"end":{"line":75,"column":5}}],"line":73},"2":{"loc":{"start":{"line":77,"column":4},"end":{"line":79,"column":5}},"type":"if","locations":[{"start":{"line":77,"column":4},"end":{"line":79,"column":5}},{"start":{"line":77,"column":4},"end":{"line":79,"column":5}}],"line":77},"3":{"loc":{"start":{"line":85,"column":4},"end":{"line":85,"column":66}},"type":"cond-expr","locations":[{"start":{"line":85,"column":22},"end":{"line":85,"column":43}},{"start":{"line":85,"column":46},"end":{"line":85,"column":66}}],"line":85},"4":{"loc":{"start":{"line":87,"column":4},"end":{"line":89,"column":51}},"type":"cond-expr","locations":[{"start":{"line":88,"column":8},"end":{"line":88,"column":30}},{"start":{"line":89,"column":8},"end":{"line":89,"column":51}}],"line":87},"5":{"loc":{"start":{"line":103,"column":27},"end":{"line":103,"column":61}},"type":"cond-expr","locations":[{"start":{"line":103,"column":45},"end":{"line":103,"column":54}},{"start":{"line":103,"column":57},"end":{"line":103,"column":61}}],"line":103}},"s":{"0":3,"1":3,"2":3,"3":3,"4":3,"5":3,"6":3,"7":1,"8":1,"9":0,"10":1,"11":0,"12":3,"13":0,"14":3,"15":0,"16":3,"17":0,"18":0,"19":3,"20":0,"21":3,"22":3,"23":3,"24":0},"f":{"0":3,"1":1,"2":0,"3":0,"4":0,"5":0,"6":0},"b":{"0":[0,3],"1":[0,0],"2":[0,3],"3":[0,3],"4":[0,3],"5":[0,3]},"_coverageSchema":"1a1c01bbd47fc00a2c39e90264f33305004495a9","hash":"598867cfa4812940bc7b6f6fba9de96010164bf2"}
,"/Users/hakimhauston/dev/github/appium/stmgame/memorygame/src/components/gameboard/GameBoard.js": {"path":"/Users/hakimhauston/dev/github/appium/stmgame/memorygame/src/components/gameboard/GameBoard.js","statementMap":{"0":{"start":{"line":21,"column":18},"end":{"line":160,"column":1}},"1":{"start":{"line":33,"column":6},"end":{"line":33,"column":11}},"2":{"start":{"line":44,"column":21},"end":{"line":44,"column":70}},"3":{"start":{"line":46,"column":38},"end":{"line":46,"column":56}},"4":{"start":{"line":47,"column":40},"end":{"line":47,"column":58}},"5":{"start":{"line":48,"column":38},"end":{"line":48,"column":58}},"6":{"start":{"line":50,"column":2},"end":{"line":54,"column":19}},"7":{"start":{"line":51,"column":4},"end":{"line":53,"column":6}},"8":{"start":{"line":52,"column":6},"end":{"line":52,"column":31}},"9":{"start":{"line":56,"column":20},"end":{"line":62,"column":42}},"10":{"start":{"line":58,"column":4},"end":{"line":58,"column":39}},"11":{"start":{"line":59,"column":4},"end":{"line":59,"column":24}},"12":{"start":{"line":60,"column":4},"end":{"line":60,"column":22}},"13":{"start":{"line":61,"column":4},"end":{"line":61,"column":23}},"14":{"start":{"line":64,"column":2},"end":{"line":82,"column":69}},"15":{"start":{"line":65,"column":4},"end":{"line":81,"column":5}},"16":{"start":{"line":66,"column":23},"end":{"line":66,"column":47}},"17":{"start":{"line":67,"column":24},"end":{"line":67,"column":49}},"18":{"start":{"line":68,"column":6},"end":{"line":80,"column":7}},"19":{"start":{"line":69,"column":8},"end":{"line":73,"column":9}},"20":{"start":{"line":71,"column":24},"end":{"line":71,"column":51}},"21":{"start":{"line":72,"column":10},"end":{"line":72,"column":31}},"22":{"start":{"line":76,"column":8},"end":{"line":76,"column":33}},"23":{"start":{"line":77,"column":8},"end":{"line":77,"column":28}},"24":{"start":{"line":78,"column":8},"end":{"line":78,"column":26}},"25":{"start":{"line":79,"column":8},"end":{"line":79,"column":27}},"26":{"start":{"line":84,"column":46},"end":{"line":84,"column":67}},"27":{"start":{"line":85,"column":2},"end":{"line":98,"column":46}},"28":{"start":{"line":86,"column":4},"end":{"line":88,"column":5}},"29":{"start":{"line":87,"column":6},"end":{"line":87,"column":30}},"30":{"start":{"line":89,"column":4},"end":{"line":91,"column":5}},"31":{"start":{"line":90,"column":6},"end":{"line":90,"column":31}},"32":{"start":{"line":92,"column":4},"end":{"line":97,"column":5}},"33":{"start":{"line":93,"column":6},"end":{"line":93,"column":24}},"34":{"start":{"line":94,"column":6},"end":{"line":94,"column":25}},"35":{"start":{"line":95,"column":6},"end":{"line":95,"column":26}},"36":{"start":{"line":96,"column":6},"end":{"line":96,"column":31}},"37":{"start":{"line":100,"column":22},"end":{"line":124,"column":3}},"38":{"start":{"line":102,"column":6},"end":{"line":110,"column":7}},"39":{"start":{"line":109,"column":8},"end":{"line":109,"column":15}},"40":{"start":{"line":111,"column":22},"end":{"line":111,"column":36}},"41":{"start":{"line":112,"column":22},"end":{"line":112,"column":37}},"42":{"start":{"line":113,"column":6},"end":{"line":117,"column":7}},"43":{"start":{"line":114,"column":8},"end":{"line":114,"column":31}},"44":{"start":{"line":116,"column":8},"end":{"line":116,"column":32}},"45":{"start":{"line":118,"column":6},"end":{"line":121,"column":7}},"46":{"start":{"line":120,"column":8},"end":{"line":120,"column":28}},"47":{"start":{"line":134,"column":20},"end":{"line":134,"column":36}},"48":{"start":{"line":135,"column":21},"end":{"line":135,"column":38}},"49":{"start":{"line":137,"column":2},"end":{"line":159,"column":4}},"50":{"start":{"line":140,"column":8},"end":{"line":156,"column":10}},"51":{"start":{"line":143,"column":14},"end":{"line":153,"column":16}}},"fnMap":{"0":{"name":"(anonymous_0)","decl":{"start":{"line":21,"column":18},"end":{"line":21,"column":19}},"loc":{"start":{"line":21,"column":29},"end":{"line":160,"column":1}},"line":21},"1":{"name":"(anonymous_1)","decl":{"start":{"line":50,"column":18},"end":{"line":50,"column":19}},"loc":{"start":{"line":50,"column":24},"end":{"line":54,"column":3}},"line":50},"2":{"name":"(anonymous_2)","decl":{"start":{"line":51,"column":11},"end":{"line":51,"column":12}},"loc":{"start":{"line":51,"column":17},"end":{"line":53,"column":5}},"line":51},"3":{"name":"(anonymous_3)","decl":{"start":{"line":56,"column":38},"end":{"line":56,"column":39}},"loc":{"start":{"line":56,"column":44},"end":{"line":62,"column":3}},"line":56},"4":{"name":"(anonymous_4)","decl":{"start":{"line":64,"column":18},"end":{"line":64,"column":19}},"loc":{"start":{"line":64,"column":24},"end":{"line":82,"column":3}},"line":64},"5":{"name":"(anonymous_5)","decl":{"start":{"line":85,"column":18},"end":{"line":85,"column":19}},"loc":{"start":{"line":85,"column":24},"end":{"line":98,"column":3}},"line":85},"6":{"name":"(anonymous_6)","decl":{"start":{"line":101,"column":4},"end":{"line":101,"column":5}},"loc":{"start":{"line":101,"column":17},"end":{"line":122,"column":5}},"line":101},"7":{"name":"(anonymous_7)","decl":{"start":{"line":139,"column":24},"end":{"line":139,"column":25}},"loc":{"start":{"line":139,"column":43},"end":{"line":157,"column":7}},"line":139},"8":{"name":"(anonymous_8)","decl":{"start":{"line":142,"column":24},"end":{"line":142,"column":25}},"loc":{"start":{"line":142,"column":37},"end":{"line":154,"column":13}},"line":142}},"branchMap":{"0":{"loc":{"start":{"line":65,"column":4},"end":{"line":81,"column":5}},"type":"if","locations":[{"start":{"line":65,"column":4},"end":{"line":81,"column":5}},{"start":{"line":65,"column":4},"end":{"line":81,"column":5}}],"line":65},"1":{"loc":{"start":{"line":65,"column":8},"end":{"line":65,"column":43}},"type":"binary-expr","locations":[{"start":{"line":65,"column":8},"end":{"line":65,"column":23}},{"start":{"line":65,"column":27},"end":{"line":65,"column":43}}],"line":65},"2":{"loc":{"start":{"line":68,"column":6},"end":{"line":80,"column":7}},"type":"if","locations":[{"start":{"line":68,"column":6},"end":{"line":80,"column":7}},{"start":{"line":68,"column":6},"end":{"line":80,"column":7}}],"line":68},"3":{"loc":{"start":{"line":69,"column":8},"end":{"line":73,"column":9}},"type":"if","locations":[{"start":{"line":69,"column":8},"end":{"line":73,"column":9}},{"start":{"line":69,"column":8},"end":{"line":73,"column":9}}],"line":69},"4":{"loc":{"start":{"line":86,"column":4},"end":{"line":88,"column":5}},"type":"if","locations":[{"start":{"line":86,"column":4},"end":{"line":88,"column":5}},{"start":{"line":86,"column":4},"end":{"line":88,"column":5}}],"line":86},"5":{"loc":{"start":{"line":86,"column":8},"end":{"line":86,"column":65}},"type":"binary-expr","locations":[{"start":{"line":86,"column":8},"end":{"line":86,"column":46}},{"start":{"line":86,"column":50},"end":{"line":86,"column":65}}],"line":86},"6":{"loc":{"start":{"line":89,"column":4},"end":{"line":91,"column":5}},"type":"if","locations":[{"start":{"line":89,"column":4},"end":{"line":91,"column":5}},{"start":{"line":89,"column":4},"end":{"line":91,"column":5}}],"line":89},"7":{"loc":{"start":{"line":89,"column":8},"end":{"line":89,"column":66}},"type":"binary-expr","locations":[{"start":{"line":89,"column":8},"end":{"line":89,"column":48}},{"start":{"line":89,"column":52},"end":{"line":89,"column":66}}],"line":89},"8":{"loc":{"start":{"line":92,"column":4},"end":{"line":97,"column":5}},"type":"if","locations":[{"start":{"line":92,"column":4},"end":{"line":97,"column":5}},{"start":{"line":92,"column":4},"end":{"line":97,"column":5}}],"line":92},"9":{"loc":{"start":{"line":102,"column":6},"end":{"line":110,"column":7}},"type":"if","locations":[{"start":{"line":102,"column":6},"end":{"line":110,"column":7}},{"start":{"line":102,"column":6},"end":{"line":110,"column":7}}],"line":102},"10":{"loc":{"start":{"line":103,"column":8},"end":{"line":106,"column":26}},"type":"binary-expr","locations":[{"start":{"line":103,"column":8},"end":{"line":103,"column":27}},{"start":{"line":104,"column":8},"end":{"line":104,"column":29}},{"start":{"line":105,"column":8},"end":{"line":105,"column":30}},{"start":{"line":106,"column":8},"end":{"line":106,"column":26}}],"line":103},"11":{"loc":{"start":{"line":113,"column":6},"end":{"line":117,"column":7}},"type":"if","locations":[{"start":{"line":113,"column":6},"end":{"line":117,"column":7}},{"start":{"line":113,"column":6},"end":{"line":117,"column":7}}],"line":113},"12":{"loc":{"start":{"line":118,"column":6},"end":{"line":121,"column":7}},"type":"if","locations":[{"start":{"line":118,"column":6},"end":{"line":121,"column":7}},{"start":{"line":118,"column":6},"end":{"line":121,"column":7}}],"line":118}},"s":{"0":1,"1":1,"2":1,"3":1,"4":1,"5":1,"6":1,"7":0,"8":0,"9":1,"10":0,"11":0,"12":0,"13":0,"14":1,"15":0,"16":0,"17":0,"18":0,"19":0,"20":0,"21":0,"22":0,"23":0,"24":0,"25":0,"26":1,"27":1,"28":0,"29":0,"30":0,"31":0,"32":0,"33":0,"34":0,"35":0,"36":0,"37":1,"38":0,"39":0,"40":0,"41":0,"42":0,"43":0,"44":0,"45":0,"46":0,"47":1,"48":1,"49":1,"50":0,"51":0},"f":{"0":1,"1":0,"2":0,"3":0,"4":0,"5":0,"6":0,"7":0,"8":0},"b":{"0":[0,0],"1":[0,0],"2":[0,0],"3":[0,0],"4":[0,0],"5":[0,0],"6":[0,0],"7":[0,0],"8":[0,0],"9":[0,0],"10":[0,0,0,0],"11":[0,0],"12":[0,0]},"_coverageSchema":"1a1c01bbd47fc00a2c39e90264f33305004495a9","hash":"00199b744209305561460e289cbfc82810f8bce4"}
,"/Users/hakimhauston/dev/github/appium/stmgame/memorygame/src/modules/redux/action.js": {"path":"/Users/hakimhauston/dev/github/appium/stmgame/memorygame/src/modules/redux/action.js","statementMap":{},"fnMap":{},"branchMap":{},"s":{},"f":{},"b":{},"_coverageSchema":"1a1c01bbd47fc00a2c39e90264f33305004495a9","hash":"d0e539f8aad7d419fe7f6a1fd36456d5dbf9e22e"}
,"/Users/hakimhauston/dev/github/appium/stmgame/memorygame/src/modules/redux/root-reducer.js": {"path":"/Users/hakimhauston/dev/github/appium/stmgame/memorygame/src/modules/redux/root-reducer.js","statementMap":{"0":{"start":{"line":5,"column":30},"end":{"line":7,"column":1}},"1":{"start":{"line":9,"column":20},"end":{"line":9,"column":51}}},"fnMap":{},"branchMap":{},"s":{"0":1,"1":1},"f":{},"b":{},"_coverageSchema":"1a1c01bbd47fc00a2c39e90264f33305004495a9","hash":"1def0cff867afaf71bc7c0905680df7c9cccd6c7"}
,"/Users/hakimhauston/dev/github/appium/stmgame/memorygame/src/modules/redux/root-saga.js": {"path":"/Users/hakimhauston/dev/github/appium/stmgame/memorygame/src/modules/redux/root-saga.js","statementMap":{"0":{"start":{"line":6,"column":2},"end":{"line":6,"column":30}}},"fnMap":{"0":{"name":"rootSaga","decl":{"start":{"line":5,"column":25},"end":{"line":5,"column":33}},"loc":{"start":{"line":5,"column":36},"end":{"line":7,"column":1}},"line":5}},"branchMap":{},"s":{"0":1},"f":{"0":1},"b":{},"_coverageSchema":"1a1c01bbd47fc00a2c39e90264f33305004495a9","hash":"3473eafb4ab7769ae2cc45a1121a7ceb3735b8b6"}
,"/Users/hakimhauston/dev/github/appium/stmgame/memorygame/src/modules/redux/store.js": {"path":"/Users/hakimhauston/dev/github/appium/stmgame/memorygame/src/modules/redux/store.js","statementMap":{"0":{"start":{"line":8,"column":23},"end":{"line":8,"column":45}},"1":{"start":{"line":10,"column":20},"end":{"line":10,"column":36}},"2":{"start":{"line":12,"column":12},"end":{"line":12,"column":16}},"3":{"start":{"line":14,"column":31},"end":{"line":26,"column":1}},"4":{"start":{"line":15,"column":22},"end":{"line":17,"column":4}},"5":{"start":{"line":19,"column":2},"end":{"line":22,"column":4}},"6":{"start":{"line":24,"column":2},"end":{"line":24,"column":48}},"7":{"start":{"line":25,"column":2},"end":{"line":25,"column":17}},"8":{"start":{"line":28,"column":24},"end":{"line":28,"column":35}},"9":{"start":{"line":28,"column":30},"end":{"line":28,"column":35}}},"fnMap":{"0":{"name":"(anonymous_0)","decl":{"start":{"line":14,"column":31},"end":{"line":14,"column":32}},"loc":{"start":{"line":14,"column":37},"end":{"line":26,"column":1}},"line":14},"1":{"name":"(anonymous_1)","decl":{"start":{"line":28,"column":24},"end":{"line":28,"column":25}},"loc":{"start":{"line":28,"column":30},"end":{"line":28,"column":35}},"line":28}},"branchMap":{},"s":{"0":1,"1":1,"2":1,"3":1,"4":1,"5":1,"6":1,"7":1,"8":1,"9":0},"f":{"0":1,"1":0},"b":{},"_coverageSchema":"1a1c01bbd47fc00a2c39e90264f33305004495a9","hash":"78205b5d88e8e5751757efff2345bb7df7dabdd2"}
,"/Users/hakimhauston/dev/github/appium/stmgame/memorygame/src/modules/redux/utils.js": {"path":"/Users/hakimhauston/dev/github/appium/stmgame/memorygame/src/modules/redux/utils.js","statementMap":{"0":{"start":{"line":2,"column":2},"end":{"line":7,"column":4}},"1":{"start":{"line":3,"column":14},"end":{"line":3,"column":35}},"2":{"start":{"line":4,"column":17},"end":{"line":4,"column":28}},"3":{"start":{"line":5,"column":20},"end":{"line":5,"column":34}},"4":{"start":{"line":6,"column":4},"end":{"line":6,"column":44}}},"fnMap":{"0":{"name":"reducerFactory","decl":{"start":{"line":1,"column":16},"end":{"line":1,"column":30}},"loc":{"start":{"line":1,"column":55},"end":{"line":8,"column":1}},"line":1},"1":{"name":"(anonymous_1)","decl":{"start":{"line":2,"column":9},"end":{"line":2,"column":10}},"loc":{"start":{"line":2,"column":34},"end":{"line":7,"column":3}},"line":2}},"branchMap":{"0":{"loc":{"start":{"line":3,"column":14},"end":{"line":3,"column":35}},"type":"binary-expr","locations":[{"start":{"line":3,"column":14},"end":{"line":3,"column":19}},{"start":{"line":3,"column":23},"end":{"line":3,"column":35}}],"line":3},"1":{"loc":{"start":{"line":6,"column":11},"end":{"line":6,"column":43}},"type":"cond-expr","locations":[{"start":{"line":6,"column":21},"end":{"line":6,"column":39}},{"start":{"line":6,"column":42},"end":{"line":6,"column":43}}],"line":6}},"s":{"0":1,"1":5,"2":5,"3":5,"4":5},"f":{"0":1,"1":5},"b":{"0":[5,5],"1":[0,5]},"_coverageSchema":"1a1c01bbd47fc00a2c39e90264f33305004495a9","hash":"b1d8691553d40d77db803b58a1b2881dbc8188a2"}
,"/Users/hakimhauston/dev/github/appium/stmgame/memorygame/src/modules/redux/game/game.action.js": {"path":"/Users/hakimhauston/dev/github/appium/stmgame/memorygame/src/modules/redux/game/game.action.js","statementMap":{"0":{"start":{"line":3,"column":29},"end":{"line":6,"column":2}},"1":{"start":{"line":3,"column":54},"end":{"line":6,"column":1}},"2":{"start":{"line":8,"column":28},"end":{"line":11,"column":2}},"3":{"start":{"line":8,"column":47},"end":{"line":11,"column":1}},"4":{"start":{"line":13,"column":28},"end":{"line":16,"column":2}},"5":{"start":{"line":13,"column":65},"end":{"line":16,"column":1}},"6":{"start":{"line":18,"column":28},"end":{"line":21,"column":2}},"7":{"start":{"line":18,"column":44},"end":{"line":21,"column":1}}},"fnMap":{"0":{"name":"(anonymous_0)","decl":{"start":{"line":3,"column":29},"end":{"line":3,"column":30}},"loc":{"start":{"line":3,"column":54},"end":{"line":6,"column":1}},"line":3},"1":{"name":"(anonymous_1)","decl":{"start":{"line":8,"column":28},"end":{"line":8,"column":29}},"loc":{"start":{"line":8,"column":47},"end":{"line":11,"column":1}},"line":8},"2":{"name":"(anonymous_2)","decl":{"start":{"line":13,"column":28},"end":{"line":13,"column":29}},"loc":{"start":{"line":13,"column":65},"end":{"line":16,"column":1}},"line":13},"3":{"name":"(anonymous_3)","decl":{"start":{"line":18,"column":28},"end":{"line":18,"column":29}},"loc":{"start":{"line":18,"column":44},"end":{"line":21,"column":1}},"line":18}},"branchMap":{},"s":{"0":2,"1":1,"2":2,"3":1,"4":2,"5":1,"6":2,"7":1},"f":{"0":1,"1":1,"2":1,"3":1},"b":{},"_coverageSchema":"1a1c01bbd47fc00a2c39e90264f33305004495a9","hash":"ed6327b3dea2683acdd70c88e001794b6c355316"}
,"/Users/hakimhauston/dev/github/appium/stmgame/memorygame/src/modules/redux/game/game.reducer.js": {"path":"/Users/hakimhauston/dev/github/appium/stmgame/memorygame/src/modules/redux/game/game.reducer.js","statementMap":{"0":{"start":{"line":6,"column":22},"end":{"line":11,"column":1}},"1":{"start":{"line":13,"column":17},"end":{"line":13,"column":19}},"2":{"start":{"line":15,"column":0},"end":{"line":18,"column":3}},"3":{"start":{"line":15,"column":56},"end":{"line":18,"column":1}},"4":{"start":{"line":20,"column":0},"end":{"line":23,"column":3}},"5":{"start":{"line":20,"column":59},"end":{"line":23,"column":1}},"6":{"start":{"line":25,"column":0},"end":{"line":28,"column":3}},"7":{"start":{"line":25,"column":54},"end":{"line":28,"column":1}},"8":{"start":{"line":30,"column":0},"end":{"line":33,"column":3}},"9":{"start":{"line":30,"column":53},"end":{"line":33,"column":1}}},"fnMap":{"0":{"name":"(anonymous_0)","decl":{"start":{"line":15,"column":36},"end":{"line":15,"column":37}},"loc":{"start":{"line":15,"column":56},"end":{"line":18,"column":1}},"line":15},"1":{"name":"(anonymous_1)","decl":{"start":{"line":20,"column":39},"end":{"line":20,"column":40}},"loc":{"start":{"line":20,"column":59},"end":{"line":23,"column":1}},"line":20},"2":{"name":"(anonymous_2)","decl":{"start":{"line":25,"column":34},"end":{"line":25,"column":35}},"loc":{"start":{"line":25,"column":54},"end":{"line":28,"column":1}},"line":25},"3":{"name":"(anonymous_3)","decl":{"start":{"line":30,"column":33},"end":{"line":30,"column":34}},"loc":{"start":{"line":30,"column":53},"end":{"line":33,"column":1}},"line":30}},"branchMap":{},"s":{"0":1,"1":1,"2":1,"3":0,"4":1,"5":0,"6":1,"7":0,"8":1,"9":0},"f":{"0":0,"1":0,"2":0,"3":0},"b":{},"_coverageSchema":"1a1c01bbd47fc00a2c39e90264f33305004495a9","hash":"78b4f65734f6ed218fecebe32609f437dff05faf"}
,"/Users/hakimhauston/dev/github/appium/stmgame/memorygame/src/modules/redux/game/game.saga.js": {"path":"/Users/hakimhauston/dev/github/appium/stmgame/memorygame/src/modules/redux/game/game.saga.js","statementMap":{"0":{"start":{"line":8,"column":31},"end":{"line":8,"column":45}},"1":{"start":{"line":9,"column":21},"end":{"line":9,"column":30}},"2":{"start":{"line":10,"column":20},"end":{"line":10,"column":78}},"3":{"start":{"line":11,"column":20},"end":{"line":11,"column":73}},"4":{"start":{"line":12,"column":20},"end":{"line":12,"column":22}},"5":{"start":{"line":13,"column":2},"end":{"line":15,"column":3}},"6":{"start":{"line":13,"column":15},"end":{"line":13,"column":16}},"7":{"start":{"line":14,"column":4},"end":{"line":14,"column":26}},"8":{"start":{"line":16,"column":2},"end":{"line":16,"column":68}},"9":{"start":{"line":17,"column":2},"end":{"line":17,"column":65}},"10":{"start":{"line":18,"column":2},"end":{"line":18,"column":55}},"11":{"start":{"line":19,"column":2},"end":{"line":19,"column":79}},"12":{"start":{"line":23,"column":25},"end":{"line":23,"column":39}},"13":{"start":{"line":24,"column":26},"end":{"line":24,"column":71}},"14":{"start":{"line":24,"column":47},"end":{"line":24,"column":70}},"15":{"start":{"line":25,"column":21},"end":{"line":25,"column":61}},"16":{"start":{"line":25,"column":42},"end":{"line":25,"column":60}},"17":{"start":{"line":26,"column":2},"end":{"line":41,"column":3}},"18":{"start":{"line":27,"column":4},"end":{"line":27,"column":35}},"19":{"start":{"line":28,"column":4},"end":{"line":31,"column":7}},"20":{"start":{"line":32,"column":4},"end":{"line":34,"column":5}},"21":{"start":{"line":33,"column":6},"end":{"line":33,"column":72}},"22":{"start":{"line":35,"column":4},"end":{"line":40,"column":5}},"23":{"start":{"line":35,"column":37},"end":{"line":35,"column":47}},"24":{"start":{"line":36,"column":6},"end":{"line":39,"column":9}},"25":{"start":{"line":45,"column":43},"end":{"line":45,"column":57}},"26":{"start":{"line":46,"column":26},"end":{"line":46,"column":71}},"27":{"start":{"line":46,"column":47},"end":{"line":46,"column":70}},"28":{"start":{"line":47,"column":2},"end":{"line":47,"column":38}},"29":{"start":{"line":48,"column":2},"end":{"line":48,"column":39}},"30":{"start":{"line":49,"column":2},"end":{"line":49,"column":79}},"31":{"start":{"line":53,"column":2},"end":{"line":53,"column":62}},"32":{"start":{"line":54,"column":2},"end":{"line":54,"column":61}},"33":{"start":{"line":55,"column":2},"end":{"line":55,"column":61}},"34":{"start":{"line":59,"column":2},"end":{"line":59,"column":33}}},"fnMap":{"0":{"name":"onGenerateBoardSaga","decl":{"start":{"line":7,"column":17},"end":{"line":7,"column":36}},"loc":{"start":{"line":7,"column":45},"end":{"line":20,"column":1}},"line":7},"1":{"name":"onSetCardStateSaga","decl":{"start":{"line":22,"column":17},"end":{"line":22,"column":35}},"loc":{"start":{"line":22,"column":44},"end":{"line":42,"column":1}},"line":22},"2":{"name":"(anonymous_2)","decl":{"start":{"line":24,"column":39},"end":{"line":24,"column":40}},"loc":{"start":{"line":24,"column":47},"end":{"line":24,"column":70}},"line":24},"3":{"name":"(anonymous_3)","decl":{"start":{"line":25,"column":34},"end":{"line":25,"column":35}},"loc":{"start":{"line":25,"column":42},"end":{"line":25,"column":60}},"line":25},"4":{"name":"(anonymous_4)","decl":{"start":{"line":35,"column":30},"end":{"line":35,"column":31}},"loc":{"start":{"line":35,"column":37},"end":{"line":35,"column":47}},"line":35},"5":{"name":"onSetPairStateSaga","decl":{"start":{"line":44,"column":17},"end":{"line":44,"column":35}},"loc":{"start":{"line":44,"column":44},"end":{"line":50,"column":1}},"line":44},"6":{"name":"(anonymous_6)","decl":{"start":{"line":46,"column":39},"end":{"line":46,"column":40}},"loc":{"start":{"line":46,"column":47},"end":{"line":46,"column":70}},"line":46},"7":{"name":"runGameSaga","decl":{"start":{"line":52,"column":17},"end":{"line":52,"column":28}},"loc":{"start":{"line":52,"column":31},"end":{"line":56,"column":1}},"line":52},"8":{"name":"gameSaga","decl":{"start":{"line":58,"column":17},"end":{"line":58,"column":25}},"loc":{"start":{"line":58,"column":28},"end":{"line":60,"column":1}},"line":58}},"branchMap":{"0":{"loc":{"start":{"line":26,"column":2},"end":{"line":41,"column":3}},"type":"if","locations":[{"start":{"line":26,"column":2},"end":{"line":41,"column":3}},{"start":{"line":26,"column":2},"end":{"line":41,"column":3}}],"line":26},"1":{"loc":{"start":{"line":32,"column":4},"end":{"line":34,"column":5}},"type":"if","locations":[{"start":{"line":32,"column":4},"end":{"line":34,"column":5}},{"start":{"line":32,"column":4},"end":{"line":34,"column":5}}],"line":32},"2":{"loc":{"start":{"line":35,"column":4},"end":{"line":40,"column":5}},"type":"if","locations":[{"start":{"line":35,"column":4},"end":{"line":40,"column":5}},{"start":{"line":35,"column":4},"end":{"line":40,"column":5}}],"line":35}},"s":{"0":1,"1":1,"2":1,"3":1,"4":1,"5":1,"6":1,"7":12,"8":1,"9":1,"10":1,"11":1,"12":2,"13":2,"14":2,"15":2,"16":2,"17":2,"18":2,"19":2,"20":2,"21":2,"22":2,"23":14,"24":1,"25":1,"26":1,"27":1,"28":1,"29":1,"30":1,"31":1,"32":1,"33":1,"34":1},"f":{"0":1,"1":2,"2":2,"3":2,"4":14,"5":1,"6":1,"7":1,"8":1},"b":{"0":[2,0],"1":[2,0],"2":[1,1]},"_coverageSchema":"1a1c01bbd47fc00a2c39e90264f33305004495a9","hash":"59916098b91e83f4e1467de3fa0cff84a297fb4d"}
,"/Users/hakimhauston/dev/github/appium/stmgame/memorygame/src/modules/redux/game/game.types.js": {"path":"/Users/hakimhauston/dev/github/appium/stmgame/memorygame/src/modules/redux/game/game.types.js","statementMap":{"0":{"start":{"line":1,"column":24},"end":{"line":13,"column":1}}},"fnMap":{},"branchMap":{},"s":{"0":2},"f":{},"b":{},"_coverageSchema":"1a1c01bbd47fc00a2c39e90264f33305004495a9","hash":"c15108748871542625f831b6f84f646e0b5b6c9c"}
,"/Users/hakimhauston/dev/github/appium/stmgame/memorygame/src/modules/utils/gameUtil.js": {"path":"/Users/hakimhauston/dev/github/appium/stmgame/memorygame/src/modules/utils/gameUtil.js","statementMap":{"0":{"start":{"line":3,"column":18},"end":{"line":7,"column":1}},"1":{"start":{"line":9,"column":17},"end":{"line":53,"column":1}},"2":{"start":{"line":11,"column":4},"end":{"line":11,"column":42}},"3":{"start":{"line":14,"column":4},"end":{"line":14,"column":43}},"4":{"start":{"line":18,"column":16},"end":{"line":18,"column":18}},"5":{"start":{"line":19,"column":16},"end":{"line":19,"column":17}},"6":{"start":{"line":20,"column":4},"end":{"line":26,"column":5}},"7":{"start":{"line":21,"column":19},"end":{"line":21,"column":64}},"8":{"start":{"line":22,"column":6},"end":{"line":25,"column":7}},"9":{"start":{"line":23,"column":8},"end":{"line":23,"column":23}},"10":{"start":{"line":24,"column":8},"end":{"line":24,"column":16}},"11":{"start":{"line":27,"column":4},"end":{"line":27,"column":15}},"12":{"start":{"line":30,"column":23},"end":{"line":30,"column":35}},"13":{"start":{"line":33,"column":4},"end":{"line":40,"column":5}},"14":{"start":{"line":34,"column":6},"end":{"line":34,"column":61}},"15":{"start":{"line":35,"column":6},"end":{"line":35,"column":21}},"16":{"start":{"line":37,"column":6},"end":{"line":37,"column":33}},"17":{"start":{"line":38,"column":6},"end":{"line":38,"column":47}},"18":{"start":{"line":39,"column":6},"end":{"line":39,"column":32}},"19":{"start":{"line":41,"column":4},"end":{"line":41,"column":17}},"20":{"start":{"line":44,"column":16},"end":{"line":44,"column":18}},"21":{"start":{"line":45,"column":16},"end":{"line":45,"column":17}},"22":{"start":{"line":46,"column":4},"end":{"line":50,"column":5}},"23":{"start":{"line":47,"column":16},"end":{"line":47,"column":47}},"24":{"start":{"line":48,"column":6},"end":{"line":48,"column":18}},"25":{"start":{"line":49,"column":6},"end":{"line":49,"column":19}},"26":{"start":{"line":51,"column":4},"end":{"line":51,"column":15}}},"fnMap":{"0":{"name":"(anonymous_0)","decl":{"start":{"line":10,"column":18},"end":{"line":10,"column":19}},"loc":{"start":{"line":10,"column":24},"end":{"line":12,"column":3}},"line":10},"1":{"name":"(anonymous_1)","decl":{"start":{"line":13,"column":19},"end":{"line":13,"column":20}},"loc":{"start":{"line":13,"column":25},"end":{"line":15,"column":3}},"line":13},"2":{"name":"(anonymous_2)","decl":{"start":{"line":17,"column":27},"end":{"line":17,"column":28}},"loc":{"start":{"line":17,"column":48},"end":{"line":28,"column":3}},"line":17},"3":{"name":"(anonymous_3)","decl":{"start":{"line":29,"column":18},"end":{"line":29,"column":19}},"loc":{"start":{"line":29,"column":29},"end":{"line":42,"column":3}},"line":29},"4":{"name":"(anonymous_4)","decl":{"start":{"line":43,"column":20},"end":{"line":43,"column":21}},"loc":{"start":{"line":43,"column":41},"end":{"line":52,"column":3}},"line":43}},"branchMap":{"0":{"loc":{"start":{"line":22,"column":6},"end":{"line":25,"column":7}},"type":"if","locations":[{"start":{"line":22,"column":6},"end":{"line":25,"column":7}},{"start":{"line":22,"column":6},"end":{"line":25,"column":7}}],"line":22}},"s":{"0":4,"1":4,"2":1,"3":1,"4":1,"5":1,"6":1,"7":6,"8":6,"9":6,"10":6,"11":1,"12":2,"13":2,"14":24,"15":24,"16":24,"17":24,"18":24,"19":2,"20":2,"21":2,"22":2,"23":4,"24":4,"25":4,"26":2},"f":{"0":1,"1":1,"2":1,"3":2,"4":2},"b":{"0":[6,0]},"_coverageSchema":"1a1c01bbd47fc00a2c39e90264f33305004495a9","hash":"9b01860b7e7e70f9fdd95e1871fdff1c8a830372"}
,"/Users/hakimhauston/dev/github/appium/stmgame/memorygame/src/scenes/gameScreen.js": {"path":"/Users/hakimhauston/dev/github/appium/stmgame/memorygame/src/scenes/gameScreen.js","statementMap":{"0":{"start":{"line":14,"column":12},"end":{"line":14,"column":42}},"1":{"start":{"line":15,"column":12},"end":{"line":15,"column":42}},"2":{"start":{"line":16,"column":12},"end":{"line":16,"column":40}},"3":{"start":{"line":17,"column":12},"end":{"line":17,"column":40}},"4":{"start":{"line":19,"column":19},"end":{"line":204,"column":1}},"5":{"start":{"line":20,"column":19},"end":{"line":20,"column":32}},"6":{"start":{"line":21,"column":22},"end":{"line":21,"column":69}},"7":{"start":{"line":21,"column":45},"end":{"line":21,"column":68}},"8":{"start":{"line":25,"column":21},"end":{"line":25,"column":66}},"9":{"start":{"line":25,"column":44},"end":{"line":25,"column":65}},"10":{"start":{"line":26,"column":21},"end":{"line":26,"column":71}},"11":{"start":{"line":26,"column":44},"end":{"line":26,"column":70}},"12":{"start":{"line":27,"column":20},"end":{"line":27,"column":64}},"13":{"start":{"line":27,"column":43},"end":{"line":27,"column":63}},"14":{"start":{"line":29,"column":2},"end":{"line":33,"column":28}},"15":{"start":{"line":30,"column":4},"end":{"line":32,"column":5}},"16":{"start":{"line":31,"column":6},"end":{"line":31,"column":62}},"17":{"start":{"line":35,"column":2},"end":{"line":39,"column":30}},"18":{"start":{"line":36,"column":4},"end":{"line":38,"column":5}},"19":{"start":{"line":37,"column":6},"end":{"line":37,"column":62}},"20":{"start":{"line":57,"column":20},"end":{"line":62,"column":3}},"21":{"start":{"line":59,"column":6},"end":{"line":59,"column":73}},"22":{"start":{"line":64,"column":21},"end":{"line":69,"column":3}},"23":{"start":{"line":66,"column":6},"end":{"line":66,"column":72}},"24":{"start":{"line":93,"column":46},"end":{"line":93,"column":67}},"25":{"start":{"line":94,"column":2},"end":{"line":116,"column":56}},"26":{"start":{"line":95,"column":4},"end":{"line":112,"column":5}},"27":{"start":{"line":96,"column":6},"end":{"line":96,"column":30}},"28":{"start":{"line":97,"column":6},"end":{"line":111,"column":8}},"29":{"start":{"line":104,"column":14},"end":{"line":106,"column":16}},"30":{"start":{"line":107,"column":14},"end":{"line":107,"column":70}},"31":{"start":{"line":113,"column":4},"end":{"line":115,"column":5}},"32":{"start":{"line":114,"column":6},"end":{"line":114,"column":31}},"33":{"start":{"line":140,"column":25},"end":{"line":147,"column":16}},"34":{"start":{"line":141,"column":4},"end":{"line":141,"column":71}},"35":{"start":{"line":149,"column":21},"end":{"line":149,"column":46}},"36":{"start":{"line":150,"column":22},"end":{"line":150,"column":54}},"37":{"start":{"line":152,"column":2},"end":{"line":179,"column":4}},"38":{"start":{"line":206,"column":14},"end":{"line":230,"column":2}}},"fnMap":{"0":{"name":"(anonymous_0)","decl":{"start":{"line":19,"column":19},"end":{"line":19,"column":20}},"loc":{"start":{"line":19,"column":25},"end":{"line":204,"column":1}},"line":19},"1":{"name":"(anonymous_1)","decl":{"start":{"line":21,"column":34},"end":{"line":21,"column":35}},"loc":{"start":{"line":21,"column":45},"end":{"line":21,"column":68}},"line":21},"2":{"name":"(anonymous_2)","decl":{"start":{"line":25,"column":33},"end":{"line":25,"column":34}},"loc":{"start":{"line":25,"column":44},"end":{"line":25,"column":65}},"line":25},"3":{"name":"(anonymous_3)","decl":{"start":{"line":26,"column":33},"end":{"line":26,"column":34}},"loc":{"start":{"line":26,"column":44},"end":{"line":26,"column":70}},"line":26},"4":{"name":"(anonymous_4)","decl":{"start":{"line":27,"column":32},"end":{"line":27,"column":33}},"loc":{"start":{"line":27,"column":43},"end":{"line":27,"column":63}},"line":27},"5":{"name":"(anonymous_5)","decl":{"start":{"line":29,"column":18},"end":{"line":29,"column":19}},"loc":{"start":{"line":29,"column":24},"end":{"line":33,"column":3}},"line":29},"6":{"name":"(anonymous_6)","decl":{"start":{"line":35,"column":18},"end":{"line":35,"column":19}},"loc":{"start":{"line":35,"column":24},"end":{"line":39,"column":3}},"line":35},"7":{"name":"(anonymous_7)","decl":{"start":{"line":58,"column":4},"end":{"line":58,"column":5}},"loc":{"start":{"line":58,"column":33},"end":{"line":60,"column":5}},"line":58},"8":{"name":"(anonymous_8)","decl":{"start":{"line":65,"column":4},"end":{"line":65,"column":5}},"loc":{"start":{"line":65,"column":17},"end":{"line":67,"column":5}},"line":65},"9":{"name":"(anonymous_9)","decl":{"start":{"line":94,"column":18},"end":{"line":94,"column":19}},"loc":{"start":{"line":94,"column":24},"end":{"line":116,"column":3}},"line":94},"10":{"name":"(anonymous_10)","decl":{"start":{"line":103,"column":21},"end":{"line":103,"column":22}},"loc":{"start":{"line":103,"column":27},"end":{"line":108,"column":13}},"line":103},"11":{"name":"(anonymous_11)","decl":{"start":{"line":140,"column":43},"end":{"line":140,"column":44}},"loc":{"start":{"line":140,"column":49},"end":{"line":147,"column":3}},"line":140}},"branchMap":{"0":{"loc":{"start":{"line":30,"column":4},"end":{"line":32,"column":5}},"type":"if","locations":[{"start":{"line":30,"column":4},"end":{"line":32,"column":5}},{"start":{"line":30,"column":4},"end":{"line":32,"column":5}}],"line":30},"1":{"loc":{"start":{"line":36,"column":4},"end":{"line":38,"column":5}},"type":"if","locations":[{"start":{"line":36,"column":4},"end":{"line":38,"column":5}},{"start":{"line":36,"column":4},"end":{"line":38,"column":5}}],"line":36},"2":{"loc":{"start":{"line":36,"column":8},"end":{"line":36,"column":47}},"type":"binary-expr","locations":[{"start":{"line":36,"column":8},"end":{"line":36,"column":20}},{"start":{"line":36,"column":24},"end":{"line":36,"column":47}}],"line":36},"3":{"loc":{"start":{"line":95,"column":4},"end":{"line":112,"column":5}},"type":"if","locations":[{"start":{"line":95,"column":4},"end":{"line":112,"column":5}},{"start":{"line":95,"column":4},"end":{"line":112,"column":5}}],"line":95},"4":{"loc":{"start":{"line":95,"column":8},"end":{"line":95,"column":65}},"type":"binary-expr","locations":[{"start":{"line":95,"column":8},"end":{"line":95,"column":46}},{"start":{"line":95,"column":50},"end":{"line":95,"column":65}}],"line":95},"5":{"loc":{"start":{"line":113,"column":4},"end":{"line":115,"column":5}},"type":"if","locations":[{"start":{"line":113,"column":4},"end":{"line":115,"column":5}},{"start":{"line":113,"column":4},"end":{"line":115,"column":5}}],"line":113},"6":{"loc":{"start":{"line":113,"column":8},"end":{"line":113,"column":66}},"type":"binary-expr","locations":[{"start":{"line":113,"column":8},"end":{"line":113,"column":48}},{"start":{"line":113,"column":52},"end":{"line":113,"column":66}}],"line":113},"7":{"loc":{"start":{"line":162,"column":7},"end":{"line":177,"column":7}},"type":"cond-expr","locations":[{"start":{"line":163,"column":8},"end":{"line":174,"column":10}},{"start":{"line":176,"column":8},"end":{"line":176,"column":16}}],"line":162}},"s":{"0":1,"1":1,"2":1,"3":1,"4":1,"5":1,"6":1,"7":2,"8":1,"9":2,"10":1,"11":2,"12":1,"13":2,"14":1,"15":0,"16":0,"17":1,"18":0,"19":0,"20":1,"21":0,"22":1,"23":0,"24":1,"25":1,"26":0,"27":0,"28":0,"29":0,"30":0,"31":0,"32":0,"33":1,"34":0,"35":1,"36":1,"37":1,"38":1},"f":{"0":1,"1":2,"2":2,"3":2,"4":2,"5":0,"6":0,"7":0,"8":0,"9":0,"10":0,"11":0},"b":{"0":[0,0],"1":[0,0],"2":[0,0],"3":[0,0],"4":[0,0],"5":[0,0],"6":[0,0],"7":[1,0]},"_coverageSchema":"1a1c01bbd47fc00a2c39e90264f33305004495a9","hash":"0cf0221471ab8ea84ff6c0887c6853d4a9cbd894"}
}
