TN:
SF:App.js
FN:12,(anonymous_0)
FNF:1
FNH:1
FNDA:1,(anonymous_0)
DA:10,1
DA:12,1
DA:13,1
LF:3
LH:3
BRF:0
BRH:0
end_of_record
TN:
SF:src/components/card/Card.js
FN:6,(anonymous_0)
FN:22,(anonymous_1)
FN:24,(anonymous_2)
FN:27,(anonymous_3)
FN:54,(anonymous_4)
FN:62,(anonymous_5)
FN:92,(anonymous_6)
FNF:7
FNH:2
FNDA:3,(anonymous_0)
FNDA:1,(anonymous_1)
FNDA:0,(anonymous_2)
FNDA:0,(anonymous_3)
FNDA:0,(anonymous_4)
FNDA:0,(anonymous_5)
FNDA:0,(anonymous_6)
DA:6,3
DA:7,3
DA:8,3
DA:9,3
DA:13,3
DA:21,3
DA:22,3
DA:23,1
DA:24,1
DA:25,0
DA:27,1
DA:28,0
DA:54,3
DA:55,0
DA:62,3
DA:63,0
DA:72,3
DA:73,0
DA:74,0
DA:77,3
DA:78,0
DA:85,3
DA:87,3
DA:91,3
DA:92,0
LF:25
LH:17
BRDA:72,0,0,0
BRDA:72,0,1,3
BRDA:73,1,0,0
BRDA:73,1,1,0
BRDA:77,2,0,0
BRDA:77,2,1,3
BRDA:85,3,0,0
BRDA:85,3,1,3
BRDA:87,4,0,0
BRDA:87,4,1,3
BRDA:103,5,0,0
BRDA:103,5,1,3
BRF:12
BRH:5
end_of_record
TN:
SF:src/components/gameboard/GameBoard.js
FN:21,(anonymous_0)
FN:50,(anonymous_1)
FN:51,(anonymous_2)
FN:56,(anonymous_3)
FN:64,(anonymous_4)
FN:85,(anonymous_5)
FN:101,(anonymous_6)
FN:139,(anonymous_7)
FN:142,(anonymous_8)
FNF:9
FNH:1
FNDA:1,(anonymous_0)
FNDA:0,(anonymous_1)
FNDA:0,(anonymous_2)
FNDA:0,(anonymous_3)
FNDA:0,(anonymous_4)
FNDA:0,(anonymous_5)
FNDA:0,(anonymous_6)
FNDA:0,(anonymous_7)
FNDA:0,(anonymous_8)
DA:21,1
DA:33,1
DA:44,1
DA:46,1
DA:47,1
DA:48,1
DA:50,1
DA:51,0
DA:52,0
DA:56,1
DA:58,0
DA:59,0
DA:60,0
DA:61,0
DA:64,1
DA:65,0
DA:66,0
DA:67,0
DA:68,0
DA:69,0
DA:71,0
DA:72,0
DA:76,0
DA:77,0
DA:78,0
DA:79,0
DA:84,1
DA:85,1
DA:86,0
DA:87,0
DA:89,0
DA:90,0
DA:92,0
DA:93,0
DA:94,0
DA:95,0
DA:96,0
DA:100,1
DA:102,0
DA:109,0
DA:111,0
DA:112,0
DA:113,0
DA:114,0
DA:116,0
DA:118,0
DA:120,0
DA:134,1
DA:135,1
DA:137,1
DA:140,0
DA:143,0
LF:52
LH:15
BRDA:65,0,0,0
BRDA:65,0,1,0
BRDA:65,1,0,0
BRDA:65,1,1,0
BRDA:68,2,0,0
BRDA:68,2,1,0
BRDA:69,3,0,0
BRDA:69,3,1,0
BRDA:86,4,0,0
BRDA:86,4,1,0
BRDA:86,5,0,0
BRDA:86,5,1,0
BRDA:89,6,0,0
BRDA:89,6,1,0
BRDA:89,7,0,0
BRDA:89,7,1,0
BRDA:92,8,0,0
BRDA:92,8,1,0
BRDA:102,9,0,0
BRDA:102,9,1,0
BRDA:103,10,0,0
BRDA:103,10,1,0
BRDA:103,10,2,0
BRDA:103,10,3,0
BRDA:113,11,0,0
BRDA:113,11,1,0
BRDA:118,12,0,0
BRDA:118,12,1,0
BRF:28
BRH:0
end_of_record
TN:
SF:src/modules/redux/action.js
FNF:0
FNH:0
LF:0
LH:0
BRF:0
BRH:0
end_of_record
TN:
SF:src/modules/redux/root-reducer.js
FNF:0
FNH:0
DA:5,1
DA:9,1
LF:2
LH:2
BRF:0
BRH:0
end_of_record
TN:
SF:src/modules/redux/root-saga.js
FN:5,rootSaga
FNF:1
FNH:1
FNDA:1,rootSaga
DA:6,1
LF:1
LH:1
BRF:0
BRH:0
end_of_record
TN:
SF:src/modules/redux/store.js
FN:14,(anonymous_0)
FN:28,(anonymous_1)
FNF:2
FNH:1
FNDA:1,(anonymous_0)
FNDA:0,(anonymous_1)
DA:8,1
DA:10,1
DA:12,1
DA:14,1
DA:15,1
DA:19,1
DA:24,1
DA:25,1
DA:28,1
LF:9
LH:9
BRF:0
BRH:0
end_of_record
TN:
SF:src/modules/redux/utils.js
FN:1,reducerFactory
FN:2,(anonymous_1)
FNF:2
FNH:2
FNDA:1,reducerFactory
FNDA:5,(anonymous_1)
DA:2,1
DA:3,5
DA:4,5
DA:5,5
DA:6,5
LF:5
LH:5
BRDA:3,0,0,5
BRDA:3,0,1,5
BRDA:6,1,0,0
BRDA:6,1,1,5
BRF:4
BRH:3
end_of_record
TN:
SF:src/modules/redux/game/game.action.js
FN:3,(anonymous_0)
FN:8,(anonymous_1)
FN:13,(anonymous_2)
FN:18,(anonymous_3)
FNF:4
FNH:4
FNDA:1,(anonymous_0)
FNDA:1,(anonymous_1)
FNDA:1,(anonymous_2)
FNDA:1,(anonymous_3)
DA:3,2
DA:8,2
DA:13,2
DA:18,2
LF:4
LH:4
BRF:0
BRH:0
end_of_record
TN:
SF:src/modules/redux/game/game.reducer.js
FN:15,(anonymous_0)
FN:20,(anonymous_1)
FN:25,(anonymous_2)
FN:30,(anonymous_3)
FNF:4
FNH:0
FNDA:0,(anonymous_0)
FNDA:0,(anonymous_1)
FNDA:0,(anonymous_2)
FNDA:0,(anonymous_3)
DA:6,1
DA:13,1
DA:15,1
DA:20,1
DA:25,1
DA:30,1
LF:6
LH:6
BRF:0
BRH:0
end_of_record
TN:
SF:src/modules/redux/game/game.saga.js
FN:7,onGenerateBoardSaga
FN:22,onSetCardStateSaga
FN:24,(anonymous_2)
FN:25,(anonymous_3)
FN:35,(anonymous_4)
FN:44,onSetPairStateSaga
FN:46,(anonymous_6)
FN:52,runGameSaga
FN:58,gameSaga
FNF:9
FNH:9
FNDA:1,onGenerateBoardSaga
FNDA:2,onSetCardStateSaga
FNDA:2,(anonymous_2)
FNDA:2,(anonymous_3)
FNDA:14,(anonymous_4)
FNDA:1,onSetPairStateSaga
FNDA:1,(anonymous_6)
FNDA:1,runGameSaga
FNDA:1,gameSaga
DA:8,1
DA:9,1
DA:10,1
DA:11,1
DA:12,1
DA:13,1
DA:14,12
DA:16,1
DA:17,1
DA:18,1
DA:19,1
DA:23,2
DA:24,2
DA:25,2
DA:26,2
DA:27,2
DA:28,2
DA:32,2
DA:33,2
DA:35,14
DA:36,1
DA:45,1
DA:46,1
DA:47,1
DA:48,1
DA:49,1
DA:53,1
DA:54,1
DA:55,1
DA:59,1
LF:30
LH:30
BRDA:26,0,0,2
BRDA:26,0,1,0
BRDA:32,1,0,2
BRDA:32,1,1,0
BRDA:35,2,0,1
BRDA:35,2,1,1
BRF:6
BRH:4
end_of_record
TN:
SF:src/modules/redux/game/game.types.js
FNF:0
FNH:0
DA:1,2
LF:1
LH:1
BRF:0
BRH:0
end_of_record
TN:
SF:src/modules/utils/gameUtil.js
FN:10,(anonymous_0)
FN:13,(anonymous_1)
FN:17,(anonymous_2)
FN:29,(anonymous_3)
FN:43,(anonymous_4)
FNF:5
FNH:5
FNDA:1,(anonymous_0)
FNDA:1,(anonymous_1)
FNDA:1,(anonymous_2)
FNDA:2,(anonymous_3)
FNDA:2,(anonymous_4)
DA:3,4
DA:9,4
DA:11,1
DA:14,1
DA:18,1
DA:19,1
DA:20,1
DA:21,6
DA:22,6
DA:23,6
DA:24,6
DA:27,1
DA:30,2
DA:33,2
DA:34,24
DA:35,24
DA:37,24
DA:38,24
DA:39,24
DA:41,2
DA:44,2
DA:45,2
DA:46,2
DA:47,4
DA:48,4
DA:49,4
DA:51,2
LF:27
LH:27
BRDA:22,0,0,6
BRDA:22,0,1,0
BRF:2
BRH:1
end_of_record
TN:
SF:src/scenes/gameScreen.js
FN:19,(anonymous_0)
FN:21,(anonymous_1)
FN:25,(anonymous_2)
FN:26,(anonymous_3)
FN:27,(anonymous_4)
FN:29,(anonymous_5)
FN:35,(anonymous_6)
FN:58,(anonymous_7)
FN:65,(anonymous_8)
FN:94,(anonymous_9)
FN:103,(anonymous_10)
FN:140,(anonymous_11)
FNF:12
FNH:5
FNDA:1,(anonymous_0)
FNDA:2,(anonymous_1)
FNDA:2,(anonymous_2)
FNDA:2,(anonymous_3)
FNDA:2,(anonymous_4)
FNDA:0,(anonymous_5)
FNDA:0,(anonymous_6)
FNDA:0,(anonymous_7)
FNDA:0,(anonymous_8)
FNDA:0,(anonymous_9)
FNDA:0,(anonymous_10)
FNDA:0,(anonymous_11)
DA:14,1
DA:15,1
DA:16,1
DA:17,1
DA:19,1
DA:20,1
DA:21,2
DA:25,2
DA:26,2
DA:27,2
DA:29,1
DA:30,0
DA:31,0
DA:35,1
DA:36,0
DA:37,0
DA:57,1
DA:59,0
DA:64,1
DA:66,0
DA:93,1
DA:94,1
DA:95,0
DA:96,0
DA:97,0
DA:104,0
DA:107,0
DA:113,0
DA:114,0
DA:140,1
DA:141,0
DA:149,1
DA:150,1
DA:152,1
DA:206,1
LF:35
LH:21
BRDA:30,0,0,0
BRDA:30,0,1,0
BRDA:36,1,0,0
BRDA:36,1,1,0
BRDA:36,2,0,0
BRDA:36,2,1,0
BRDA:95,3,0,0
BRDA:95,3,1,0
BRDA:95,4,0,0
BRDA:95,4,1,0
BRDA:113,5,0,0
BRDA:113,5,1,0
BRDA:113,6,0,0
BRDA:113,6,1,0
BRDA:162,7,0,1
BRDA:162,7,1,0
BRF:16
BRH:1
end_of_record
